<?xml version="1.0" encoding="UTF-8"?>
<testng-results skipped="0" failed="0" ignored="0" total="0" passed="0">
  <reporter-output>
  </reporter-output>
  <suite name="Default suite" duration-ms="14" started-at="2018-05-20T19:04:59Z" finished-at="2018-05-20T19:04:59Z">
    <groups>
      <group name="QA">
        <method signature="PrimeNumberCheckerTest2.test(int, boolean)[pri:0, instance:core.PrimeNumberCheckerTest2@1a3869f4]" name="test" class="core.PrimeNumberCheckerTest2"/>
      </group> <!-- QA -->
    </groups>
    <test name="Default test" duration-ms="14" started-at="2018-05-20T19:04:59Z" finished-at="2018-05-20T19:04:59Z">
    </test> <!-- Default test -->
  </suite> <!-- Default suite -->
</testng-results>
